d:\projects\mobaboardgame\mobaboardgame\mobaboardgame\x64\debug\vc141.pdb
d:\projects\mobaboardgame\mobaboardgame\mobaboardgame\x64\debug\vc141.idb
d:\projects\mobaboardgame\mobaboardgame\mobaboardgame\x64\debug\item.obj
d:\projects\mobaboardgame\mobaboardgame\mobaboardgame\x64\debug\durationeffect.obj
d:\projects\mobaboardgame\mobaboardgame\mobaboardgame\x64\debug\characterattributes.obj
d:\projects\mobaboardgame\mobaboardgame\mobaboardgame\x64\debug\character.obj
d:\projects\mobaboardgame\mobaboardgame\mobaboardgame\x64\debug\ability.obj
d:\projects\mobaboardgame\mobaboardgame\mobaboardgame\x64\debug\characterdurationeffect.obj
d:\projects\mobaboardgame\mobaboardgame\mobaboardgame\x64\debug\main.obj
d:\projects\mobaboardgame\mobaboardgame\mobaboardgame\x64\debug\healthpoisoneffect.obj
d:\projects\mobaboardgame\mobaboardgame\mobaboardgame\x64\debug\attributes.obj
d:\projects\mobaboardgame\mobaboardgame\mobaboardgame\x64\debug\characterdurationeffects.obj
d:\projects\mobaboardgame\mobaboardgame\mobaboardgame\x64\debug\effect.obj
d:\projects\mobaboardgame\mobaboardgame\mobaboardgame\x64\debug\characterattributeeffects.obj
d:\projects\mobaboardgame\mobaboardgame\mobaboardgame\x64\debug\location.obj
d:\projects\mobaboardgame\mobaboardgame\mobaboardgame\x64\debug\charactereffects.obj
d:\projects\mobaboardgame\mobaboardgame\mobaboardgame\x64\debug\characterabilities.obj
d:\projects\mobaboardgame\mobaboardgame\mobaboardgame\x64\debug\charactertargetability.obj
d:\projects\mobaboardgame\mobaboardgame\mobaboardgame\x64\debug\passiveability.obj
d:\projects\mobaboardgame\mobaboardgame\mobaboardgame\x64\debug\characterobserver.obj
d:\projects\mobaboardgame\mobaboardgame\mobaboardgame\x64\debug\position.obj
d:\projects\mobaboardgame\mobaboardgame\mobaboardgame\x64\debug\entity.obj
d:\projects\mobaboardgame\mobaboardgame\mobaboardgame\x64\debug\paralyseeffect.obj
d:\projects\mobaboardgame\mobaboardgame\mobaboardgame\x64\debug\targetability.obj
d:\projects\mobaboardgame\mobaboardgame\mobaboardgame\x64\debug\positionalentity.obj
d:\projects\mobaboardgame\mobaboardgame\mobaboardgame\x64\debug\moveableentity.obj
d:\projects\mobaboardgame\mobaboardgame\mobaboardgame\x64\debug\game.obj
d:\projects\mobaboardgame\mobaboardgame\mobaboardgame\x64\debug\immovableentity.obj
d:\projects\mobaboardgame\mobaboardgame\mobaboardgame\x64\debug\selfability.obj
d:\projects\mobaboardgame\mobaboardgame\mobaboardgame\x64\debug\lifestealpassive.obj
d:\projects\mobaboardgame\mobaboardgame\mobaboardgame\x64\debug\lifedrainability.obj
d:\projects\mobaboardgame\mobaboardgame\mobaboardgame\x64\debug\healthdraineffect.obj
d:\projects\mobaboardgame\mobaboardgame\mobaboardgame\x64\debug\emptypassive.obj
d:\projects\mobaboardgame\mobaboardgame\mobaboardgame\x64\debug\lifeharvestability.obj
d:\projects\mobaboardgame\mobaboardgame\mobaboardgame\x64\debug\attackhealpassive.obj
d:\projects\mobaboardgame\mobaboardgame\mobaboardgame\x64\debug\enhancedattackpassive.obj
d:\projects\mobaboardgame\mobaboardgame\mobaboardgame\x64\debug\healtheffect.obj
d:\projects\mobaboardgame\mobaboardgame\mobaboardgame\x64\debug\enhancedbasicattackeffect.obj
d:\projects\mobaboardgame\mobaboardgame\mobaboardgame\x64\debug\enhancedbasicpassive.obj
d:\projects\mobaboardgame\mobaboardgame\mobaboardgame\x64\debug\damageeffect.obj
d:\projects\mobaboardgame\mobaboardgame\mobaboardgame\x64\debug\characterfactory.obj
d:\projects\mobaboardgame\mobaboardgame\mobaboardgame\x64\debug\physicaldamageeffect.obj
d:\projects\mobaboardgame\mobaboardgame\mobaboardgame\x64\debug\creature.obj
d:\projects\mobaboardgame\mobaboardgame\mobaboardgame\x64\debug\voidshotpassive.obj
d:\projects\mobaboardgame\mobaboardgame\mobaboardgame\x64\debug\truedamageeffect.obj
d:\projects\mobaboardgame\mobaboardgame\mobaboardgame\x64\debug\actionpointeffect.obj
d:\projects\mobaboardgame\mobaboardgame\mobaboardgame\x64\debug\movementpointeffect.obj
d:\projects\mobaboardgame\mobaboardgame\mobaboardgame\x64\debug\entityeffects.obj
d:\projects\mobaboardgame\mobaboardgame\mobaboardgame\x64\debug\activeentity.obj
d:\projects\mobaboardgame\mobaboardgame\mobaboardgame\x64\debug\voidparalyseability.obj
d:\projects\mobaboardgame\mobaboardgame\mobaboardgame\x64\debug\bloodfrenzypassive.obj
d:\projects\mobaboardgame\mobaboardgame\mobaboardgame\x64\debug\attackpointeffect.obj
d:\projects\mobaboardgame\mobaboardgame\mobaboardgame\x64\debug\bloodanguishability.obj
d:\projects\mobaboardgame\mobaboardgame\mobaboardgame\x64\debug\armoreffect.obj
d:\projects\mobaboardgame\mobaboardgame\mobaboardgame\x64\debug\gameboard.obj
d:\projects\mobaboardgame\mobaboardgame\mobaboardgame\x64\debug\boardsquare.obj
d:\projects\mobaboardgame\mobaboardgame\mobaboardgame\x64\debug\basicsquare.obj
d:\projects\mobaboardgame\mobaboardgame\mobaboardgame\x64\debug\impassableboardsquare.obj
d:\projects\mobaboardgame\mobaboardgame\mobaboardgame\x64\debug\mapeditor.obj
d:\projects\mobaboardgame\mobaboardgame\mobaboardgame\x64\debug\mapeditorhandler.obj
d:\projects\mobaboardgame\mobaboardgame\mobaboardgame\x64\debug\gamesquare.obj
d:\projects\mobaboardgame\mobaboardgame\mobaboardgame\x64\debug\passablesquare.obj
d:\projects\mobaboardgame\mobaboardgame\mobaboardgame\x64\debug\impassablesquare.obj
d:\projects\mobaboardgame\mobaboardgame\mobaboardgame\x64\debug\voidrendability.obj
d:\projects\mobaboardgame\mobaboardgame\mobaboardgame\x64\debug\activeentityimage.obj
d:\projects\mobaboardgame\mobaboardgame\mobaboardgame\x64\debug\gamehandler.obj
d:\projects\mobaboardgame\mobaboardgame\x64\debug\mobaboardgame.exe
d:\projects\mobaboardgame\mobaboardgame\x64\debug\mobaboardgame.ilk
d:\projects\mobaboardgame\mobaboardgame\x64\debug\mobaboardgame.pdb
d:\projects\mobaboardgame\mobaboardgame\mobaboardgame\x64\debug\actiontext.obj
d:\projects\mobaboardgame\mobaboardgame\mobaboardgame\x64\debug\contextmenu.obj
d:\projects\mobaboardgame\mobaboardgame\mobaboardgame\x64\debug\entityimage.obj
d:\projects\mobaboardgame\mobaboardgame\mobaboardgame\x64\debug\map.obj
d:\projects\mobaboardgame\mobaboardgame\mobaboardgame\x64\debug\mapmaker.obj
d:\projects\mobaboardgame\mobaboardgame\mobaboardgame\x64\debug\menu.obj
d:\projects\mobaboardgame\mobaboardgame\mobaboardgame\x64\debug\mobaboardgame.obj
d:\projects\mobaboardgame\mobaboardgame\mobaboardgame\x64\debug\mouseinputdetection.obj
d:\projects\mobaboardgame\mobaboardgame\mobaboardgame\x64\debug\risktypegame.obj
d:\projects\mobaboardgame\mobaboardgame\mobaboardgame\x64\debug\textutility.obj
d:\projects\mobaboardgame\mobaboardgame\mobaboardgame\x64\debug\mobaboardgame.tlog\cl.command.1.tlog
d:\projects\mobaboardgame\mobaboardgame\mobaboardgame\x64\debug\mobaboardgame.tlog\cl.read.1.tlog
d:\projects\mobaboardgame\mobaboardgame\mobaboardgame\x64\debug\mobaboardgame.tlog\cl.write.1.tlog
d:\projects\mobaboardgame\mobaboardgame\mobaboardgame\x64\debug\mobaboardgame.tlog\link.command.1.tlog
d:\projects\mobaboardgame\mobaboardgame\mobaboardgame\x64\debug\mobaboardgame.tlog\link.read.1.tlog
d:\projects\mobaboardgame\mobaboardgame\mobaboardgame\x64\debug\mobaboardgame.tlog\link.write.1.tlog
